<?xml version="1.0" encoding="UTF-8"?>
<testsuite xmlns:xsi="http://www.w3.org/2001/XMLSchema-instance" xsi:noNamespaceSchemaLocation="https://maven.apache.org/surefire/maven-surefire-plugin/xsd/surefire-test-report-3.0.xsd" version="3.0" name="com.ibm.math.test.TestMath" time="0.019" tests="7" errors="0" skipped="0" failures="0">
  <properties>
[...]
</properties>
  <testcase name="testAdd" classname="com.ibm.math.test.TestMath" time="0.001"/>
  <testcase name="testDiv" classname="com.ibm.math.test.TestMath" time="0.001"/>
  <testcase name="testIncorrectSquare" classname="com.ibm.math.test.TestMath" time="0.002"/>
  <testcase name="testZeroDiv" classname="com.ibm.math.test.TestMath" time="0.002"/>
  <testcase name="testSubPositive" classname="com.ibm.math.test.TestMath" time="0.001"/>
  <testcase name="testSubNegative" classname="com.ibm.math.test.TestMath" time="0.002"/>
  <testcase name="testSquare" classname="com.ibm.math.test.TestMath" time="0.001"/>
</testsuite>