<?xml version="1.0" encoding="UTF-8"?>
<testsuite xmlns:xsi="http://www.w3.org/2001/XMLSchema-instance" xsi:noNamespaceSchemaLocation="https://maven.apache.org/surefire/maven-surefire-plugin/xsd/surefire-test-report-3.0.xsd" version="3.0" name="com.ibm.math.test.TestMaths" time="0.062" tests="5" errors="0" skipped="0" failures="0">
  <properties>
[...]
</properties>
  <testcase name="divBy0" classname="com.ibm.math.test.TestMaths" time="0.028"/>
  <testcase name="square" classname="com.ibm.math.test.TestMaths" time="0.002"/>
  <testcase name="add" classname="com.ibm.math.test.TestMaths" time="0"/>
  <testcase name="div" classname="com.ibm.math.test.TestMaths" time="0.001"/>
  <testcase name="subs" classname="com.ibm.math.test.TestMaths" time="0.001"/>
</testsuite>